{"/Users/juhmal/Desktop/product/database/db.ts": {"path":"/Users/juhmal/Desktop/product/database/db.ts","statementMap":{"0":{"start":{"line":1,"column":0},"end":{"line":1,"column":27}},"1":{"start":{"line":2,"column":25},"end":{"line":2,"column":38}},"2":{"start":{"line":4,"column":13},"end":{"line":9,"column":2}},"3":{"start":{"line":12,"column":0},"end":{"line":127,"column":4}},"4":{"start":{"line":14,"column":4},"end":{"line":14,"column":29}},"5":{"start":{"line":125,"column":4},"end":{"line":125,"column":36}},"6":{"start":{"line":126,"column":4},"end":{"line":126,"column":29}},"7":{"start":{"line":131,"column":0},"end":{"line":131,"column":26}}},"fnMap":{"0":{"name":"(anonymous_0)","decl":{"start":{"line":13,"column":8},"end":{"line":13,"column":9}},"loc":{"start":{"line":13,"column":14},"end":{"line":123,"column":3}},"line":13},"1":{"name":"(anonymous_1)","decl":{"start":{"line":124,"column":9},"end":{"line":124,"column":10}},"loc":{"start":{"line":124,"column":16},"end":{"line":127,"column":3}},"line":124}},"branchMap":{},"s":{"0":1,"1":1,"2":1,"3":1,"4":1,"5":0,"6":0,"7":1},"f":{"0":1,"1":0},"b":{},"_coverageSchema":"1a1c01bbd47fc00a2c39e90264f33305004495a9","hash":"d4eef74cfda90617a796efff3d6e88e0e340e23c"}
,"/Users/juhmal/Desktop/product/database/dbQuery.ts": {"path":"/Users/juhmal/Desktop/product/database/dbQuery.ts","statementMap":{"0":{"start":{"line":1,"column":11},"end":{"line":1,"column":29}},"1":{"start":{"line":4,"column":19},"end":{"line":11,"column":1}},"2":{"start":{"line":5,"column":23},"end":{"line":5,"column":52}},"3":{"start":{"line":6,"column":19},"end":{"line":6,"column":36}},"4":{"start":{"line":7,"column":20},"end":{"line":7,"column":51}},"5":{"start":{"line":8,"column":2},"end":{"line":10,"column":39}},"6":{"start":{"line":9,"column":18},"end":{"line":9,"column":43}},"7":{"start":{"line":10,"column":18},"end":{"line":10,"column":37}},"8":{"start":{"line":19,"column":21},"end":{"line":31,"column":1}},"9":{"start":{"line":20,"column":23},"end":{"line":20,"column":71}},"10":{"start":{"line":21,"column":30},"end":{"line":21,"column":101}},"11":{"start":{"line":22,"column":2},"end":{"line":30,"column":39}},"12":{"start":{"line":24,"column":6},"end":{"line":28,"column":43}},"13":{"start":{"line":26,"column":10},"end":{"line":26,"column":83}},"14":{"start":{"line":28,"column":22},"end":{"line":28,"column":41}},"15":{"start":{"line":30,"column":18},"end":{"line":30,"column":37}},"16":{"start":{"line":38,"column":19},"end":{"line":48,"column":1}},"17":{"start":{"line":39,"column":2},"end":{"line":47,"column":30}},"18":{"start":{"line":41,"column":22},"end":{"line":41,"column":24}},"19":{"start":{"line":42,"column":6},"end":{"line":44,"column":7}},"20":{"start":{"line":43,"column":8},"end":{"line":43,"column":45}},"21":{"start":{"line":45,"column":6},"end":{"line":45,"column":26}},"22":{"start":{"line":47,"column":18},"end":{"line":47,"column":28}},"23":{"start":{"line":54,"column":17},"end":{"line":89,"column":1}},"24":{"start":{"line":55,"column":15},"end":{"line":58,"column":3}},"25":{"start":{"line":59,"column":2},"end":{"line":87,"column":36}},"26":{"start":{"line":61,"column":6},"end":{"line":61,"column":33}},"27":{"start":{"line":62,"column":6},"end":{"line":84,"column":7}},"28":{"start":{"line":62,"column":19},"end":{"line":62,"column":20}},"29":{"start":{"line":63,"column":8},"end":{"line":65,"column":9}},"30":{"start":{"line":64,"column":10},"end":{"line":64,"column":52}},"31":{"start":{"line":85,"column":6},"end":{"line":85,"column":44}},"32":{"start":{"line":87,"column":18},"end":{"line":87,"column":34}},"33":{"start":{"line":91,"column":25},"end":{"line":115,"column":1}},"34":{"start":{"line":92,"column":2},"end":{"line":114,"column":3}},"35":{"start":{"line":93,"column":4},"end":{"line":93,"column":27}},"36":{"start":{"line":95,"column":4},"end":{"line":113,"column":38}},"37":{"start":{"line":97,"column":8},"end":{"line":97,"column":30}},"38":{"start":{"line":98,"column":8},"end":{"line":98,"column":56}},"39":{"start":{"line":99,"column":8},"end":{"line":99,"column":125}},"40":{"start":{"line":103,"column":24},"end":{"line":103,"column":26}},"41":{"start":{"line":104,"column":8},"end":{"line":109,"column":9}},"42":{"start":{"line":105,"column":10},"end":{"line":108,"column":11}},"43":{"start":{"line":110,"column":8},"end":{"line":110,"column":54}},"44":{"start":{"line":111,"column":8},"end":{"line":111,"column":55}},"45":{"start":{"line":113,"column":20},"end":{"line":113,"column":36}},"46":{"start":{"line":122,"column":12},"end":{"line":128,"column":1}},"47":{"start":{"line":123,"column":2},"end":{"line":127,"column":83}},"48":{"start":{"line":125,"column":6},"end":{"line":125,"column":62}},"49":{"start":{"line":127,"column":18},"end":{"line":127,"column":81}},"50":{"start":{"line":130,"column":0},"end":{"line":130,"column":73}}},"fnMap":{"0":{"name":"(anonymous_0)","decl":{"start":{"line":4,"column":19},"end":{"line":4,"column":20}},"loc":{"start":{"line":4,"column":57},"end":{"line":11,"column":1}},"line":4},"1":{"name":"(anonymous_1)","decl":{"start":{"line":9,"column":10},"end":{"line":9,"column":11}},"loc":{"start":{"line":9,"column":18},"end":{"line":9,"column":43}},"line":9},"2":{"name":"(anonymous_2)","decl":{"start":{"line":10,"column":11},"end":{"line":10,"column":12}},"loc":{"start":{"line":10,"column":18},"end":{"line":10,"column":37}},"line":10},"3":{"name":"(anonymous_3)","decl":{"start":{"line":19,"column":21},"end":{"line":19,"column":22}},"loc":{"start":{"line":19,"column":47},"end":{"line":31,"column":1}},"line":19},"4":{"name":"(anonymous_4)","decl":{"start":{"line":23,"column":10},"end":{"line":23,"column":11}},"loc":{"start":{"line":23,"column":25},"end":{"line":29,"column":5}},"line":23},"5":{"name":"(anonymous_5)","decl":{"start":{"line":25,"column":14},"end":{"line":25,"column":15}},"loc":{"start":{"line":25,"column":29},"end":{"line":27,"column":9}},"line":25},"6":{"name":"(anonymous_6)","decl":{"start":{"line":28,"column":15},"end":{"line":28,"column":16}},"loc":{"start":{"line":28,"column":22},"end":{"line":28,"column":41}},"line":28},"7":{"name":"(anonymous_7)","decl":{"start":{"line":30,"column":11},"end":{"line":30,"column":12}},"loc":{"start":{"line":30,"column":18},"end":{"line":30,"column":37}},"line":30},"8":{"name":"(anonymous_8)","decl":{"start":{"line":38,"column":19},"end":{"line":38,"column":20}},"loc":{"start":{"line":38,"column":45},"end":{"line":48,"column":1}},"line":38},"9":{"name":"(anonymous_9)","decl":{"start":{"line":40,"column":10},"end":{"line":40,"column":11}},"loc":{"start":{"line":40,"column":18},"end":{"line":46,"column":5}},"line":40},"10":{"name":"(anonymous_10)","decl":{"start":{"line":47,"column":11},"end":{"line":47,"column":12}},"loc":{"start":{"line":47,"column":18},"end":{"line":47,"column":28}},"line":47},"11":{"name":"(anonymous_11)","decl":{"start":{"line":54,"column":17},"end":{"line":54,"column":18}},"loc":{"start":{"line":54,"column":43},"end":{"line":89,"column":1}},"line":54},"12":{"name":"(anonymous_12)","decl":{"start":{"line":60,"column":10},"end":{"line":60,"column":11}},"loc":{"start":{"line":60,"column":18},"end":{"line":86,"column":5}},"line":60},"13":{"name":"(anonymous_13)","decl":{"start":{"line":87,"column":11},"end":{"line":87,"column":12}},"loc":{"start":{"line":87,"column":18},"end":{"line":87,"column":34}},"line":87},"14":{"name":"(anonymous_14)","decl":{"start":{"line":91,"column":25},"end":{"line":91,"column":26}},"loc":{"start":{"line":91,"column":54},"end":{"line":115,"column":1}},"line":91},"15":{"name":"(anonymous_15)","decl":{"start":{"line":96,"column":12},"end":{"line":96,"column":13}},"loc":{"start":{"line":96,"column":20},"end":{"line":100,"column":7}},"line":96},"16":{"name":"(anonymous_16)","decl":{"start":{"line":101,"column":12},"end":{"line":101,"column":13}},"loc":{"start":{"line":101,"column":20},"end":{"line":112,"column":7}},"line":101},"17":{"name":"(anonymous_17)","decl":{"start":{"line":113,"column":13},"end":{"line":113,"column":14}},"loc":{"start":{"line":113,"column":20},"end":{"line":113,"column":36}},"line":113},"18":{"name":"(anonymous_18)","decl":{"start":{"line":122,"column":12},"end":{"line":122,"column":13}},"loc":{"start":{"line":122,"column":37},"end":{"line":128,"column":1}},"line":122},"19":{"name":"(anonymous_19)","decl":{"start":{"line":124,"column":10},"end":{"line":124,"column":11}},"loc":{"start":{"line":124,"column":16},"end":{"line":126,"column":5}},"line":124},"20":{"name":"(anonymous_20)","decl":{"start":{"line":127,"column":11},"end":{"line":127,"column":12}},"loc":{"start":{"line":127,"column":18},"end":{"line":127,"column":81}},"line":127}},"branchMap":{"0":{"loc":{"start":{"line":63,"column":8},"end":{"line":65,"column":9}},"type":"if","locations":[{"start":{"line":63,"column":8},"end":{"line":65,"column":9}},{"start":{},"end":{}}],"line":63},"1":{"loc":{"start":{"line":92,"column":2},"end":{"line":114,"column":3}},"type":"if","locations":[{"start":{"line":92,"column":2},"end":{"line":114,"column":3}},{"start":{"line":94,"column":9},"end":{"line":114,"column":3}}],"line":92}},"s":{"0":1,"1":1,"2":5,"3":5,"4":5,"5":5,"6":5,"7":0,"8":1,"9":0,"10":0,"11":0,"12":0,"13":0,"14":0,"15":0,"16":1,"17":0,"18":0,"19":0,"20":0,"21":0,"22":0,"23":1,"24":0,"25":0,"26":0,"27":0,"28":0,"29":0,"30":0,"31":0,"32":0,"33":1,"34":0,"35":0,"36":0,"37":0,"38":0,"39":0,"40":0,"41":0,"42":0,"43":0,"44":0,"45":0,"46":1,"47":0,"48":0,"49":0,"50":1},"f":{"0":5,"1":5,"2":0,"3":0,"4":0,"5":0,"6":0,"7":0,"8":0,"9":0,"10":0,"11":0,"12":0,"13":0,"14":0,"15":0,"16":0,"17":0,"18":0,"19":0,"20":0},"b":{"0":[0,0],"1":[0,0]},"_coverageSchema":"1a1c01bbd47fc00a2c39e90264f33305004495a9","hash":"3ff19a621b37037b023d9ebe29a6018cc57956bf"}
,"/Users/juhmal/Desktop/product/server/app.js": {"path":"/Users/juhmal/Desktop/product/server/app.js","statementMap":{"0":{"start":{"line":1,"column":16},"end":{"line":1,"column":34}},"1":{"start":{"line":2,"column":12},"end":{"line":2,"column":21}},"2":{"start":{"line":3,"column":0},"end":{"line":3,"column":27}},"3":{"start":{"line":4,"column":16},"end":{"line":4,"column":49}},"4":{"start":{"line":6,"column":0},"end":{"line":18,"column":3}},"5":{"start":{"line":9,"column":2},"end":{"line":9,"column":52}},"6":{"start":{"line":10,"column":2},"end":{"line":10,"column":56}},"7":{"start":{"line":11,"column":2},"end":{"line":17,"column":5}},"8":{"start":{"line":12,"column":4},"end":{"line":16,"column":5}},"9":{"start":{"line":13,"column":6},"end":{"line":13,"column":33}},"10":{"start":{"line":15,"column":6},"end":{"line":15,"column":32}},"11":{"start":{"line":20,"column":0},"end":{"line":29,"column":3}},"12":{"start":{"line":21,"column":2},"end":{"line":21,"column":25}},"13":{"start":{"line":22,"column":2},"end":{"line":28,"column":5}},"14":{"start":{"line":23,"column":4},"end":{"line":27,"column":5}},"15":{"start":{"line":24,"column":6},"end":{"line":24,"column":33}},"16":{"start":{"line":26,"column":6},"end":{"line":26,"column":32}},"17":{"start":{"line":31,"column":0},"end":{"line":39,"column":3}},"18":{"start":{"line":32,"column":2},"end":{"line":38,"column":5}},"19":{"start":{"line":33,"column":4},"end":{"line":37,"column":5}},"20":{"start":{"line":34,"column":6},"end":{"line":34,"column":33}},"21":{"start":{"line":36,"column":6},"end":{"line":36,"column":32}},"22":{"start":{"line":41,"column":0},"end":{"line":49,"column":3}},"23":{"start":{"line":42,"column":2},"end":{"line":48,"column":5}},"24":{"start":{"line":43,"column":4},"end":{"line":47,"column":5}},"25":{"start":{"line":44,"column":6},"end":{"line":44,"column":33}},"26":{"start":{"line":46,"column":6},"end":{"line":46,"column":32}},"27":{"start":{"line":51,"column":0},"end":{"line":51,"column":21}}},"fnMap":{"0":{"name":"(anonymous_0)","decl":{"start":{"line":6,"column":21},"end":{"line":6,"column":22}},"loc":{"start":{"line":6,"column":35},"end":{"line":18,"column":1}},"line":6},"1":{"name":"(anonymous_1)","decl":{"start":{"line":11,"column":45},"end":{"line":11,"column":46}},"loc":{"start":{"line":11,"column":60},"end":{"line":17,"column":3}},"line":11},"2":{"name":"(anonymous_2)","decl":{"start":{"line":20,"column":33},"end":{"line":20,"column":34}},"loc":{"start":{"line":20,"column":47},"end":{"line":29,"column":1}},"line":20},"3":{"name":"(anonymous_3)","decl":{"start":{"line":22,"column":46},"end":{"line":22,"column":47}},"loc":{"start":{"line":22,"column":61},"end":{"line":28,"column":3}},"line":22},"4":{"name":"(anonymous_4)","decl":{"start":{"line":31,"column":40},"end":{"line":31,"column":41}},"loc":{"start":{"line":31,"column":54},"end":{"line":39,"column":1}},"line":31},"5":{"name":"(anonymous_5)","decl":{"start":{"line":32,"column":42},"end":{"line":32,"column":43}},"loc":{"start":{"line":32,"column":57},"end":{"line":38,"column":3}},"line":32},"6":{"name":"(anonymous_6)","decl":{"start":{"line":41,"column":41},"end":{"line":41,"column":42}},"loc":{"start":{"line":41,"column":55},"end":{"line":49,"column":1}},"line":41},"7":{"name":"(anonymous_7)","decl":{"start":{"line":42,"column":44},"end":{"line":42,"column":45}},"loc":{"start":{"line":42,"column":59},"end":{"line":48,"column":3}},"line":42}},"branchMap":{"0":{"loc":{"start":{"line":9,"column":2},"end":{"line":9,"column":51}},"type":"cond-expr","locations":[{"start":{"line":9,"column":19},"end":{"line":9,"column":40}},{"start":{"line":9,"column":43},"end":{"line":9,"column":51}}],"line":9},"1":{"loc":{"start":{"line":10,"column":2},"end":{"line":10,"column":55}},"type":"cond-expr","locations":[{"start":{"line":10,"column":20},"end":{"line":10,"column":43}},{"start":{"line":10,"column":46},"end":{"line":10,"column":55}}],"line":10},"2":{"loc":{"start":{"line":12,"column":4},"end":{"line":16,"column":5}},"type":"if","locations":[{"start":{"line":12,"column":4},"end":{"line":16,"column":5}},{"start":{"line":14,"column":11},"end":{"line":16,"column":5}}],"line":12},"3":{"loc":{"start":{"line":23,"column":4},"end":{"line":27,"column":5}},"type":"if","locations":[{"start":{"line":23,"column":4},"end":{"line":27,"column":5}},{"start":{"line":25,"column":11},"end":{"line":27,"column":5}}],"line":23},"4":{"loc":{"start":{"line":33,"column":4},"end":{"line":37,"column":5}},"type":"if","locations":[{"start":{"line":33,"column":4},"end":{"line":37,"column":5}},{"start":{"line":35,"column":11},"end":{"line":37,"column":5}}],"line":33},"5":{"loc":{"start":{"line":43,"column":4},"end":{"line":47,"column":5}},"type":"if","locations":[{"start":{"line":43,"column":4},"end":{"line":47,"column":5}},{"start":{"line":45,"column":11},"end":{"line":47,"column":5}}],"line":43}},"s":{"0":1,"1":1,"2":1,"3":1,"4":1,"5":5,"6":5,"7":5,"8":5,"9":5,"10":0,"11":1,"12":0,"13":0,"14":0,"15":0,"16":0,"17":1,"18":0,"19":0,"20":0,"21":0,"22":1,"23":0,"24":0,"25":0,"26":0,"27":1},"f":{"0":5,"1":5,"2":0,"3":0,"4":0,"5":0,"6":0,"7":0},"b":{"0":[2,3],"1":[3,2],"2":[5,0],"3":[0,0],"4":[0,0],"5":[0,0]},"_coverageSchema":"1a1c01bbd47fc00a2c39e90264f33305004495a9","hash":"10844b8b5ff9b5459cc65d59156f43c632550eba"}
}
