TN:
SF:database/db.ts
FN:13,(anonymous_0)
FN:124,(anonymous_1)
FNF:2
FNH:1
FNDA:1,(anonymous_0)
FNDA:0,(anonymous_1)
DA:1,1
DA:2,1
DA:4,1
DA:12,1
DA:14,1
DA:125,0
DA:126,0
DA:131,1
LF:8
LH:6
BRF:0
BRH:0
end_of_record
TN:
SF:database/dbQuery.ts
FN:4,(anonymous_0)
FN:9,(anonymous_1)
FN:10,(anonymous_2)
FN:19,(anonymous_3)
FN:23,(anonymous_4)
FN:25,(anonymous_5)
FN:28,(anonymous_6)
FN:30,(anonymous_7)
FN:38,(anonymous_8)
FN:40,(anonymous_9)
FN:47,(anonymous_10)
FN:54,(anonymous_11)
FN:60,(anonymous_12)
FN:87,(anonymous_13)
FN:91,(anonymous_14)
FN:96,(anonymous_15)
FN:101,(anonymous_16)
FN:113,(anonymous_17)
FN:122,(anonymous_18)
FN:124,(anonymous_19)
FN:127,(anonymous_20)
FNF:21
FNH:2
FNDA:5,(anonymous_0)
FNDA:5,(anonymous_1)
FNDA:0,(anonymous_2)
FNDA:0,(anonymous_3)
FNDA:0,(anonymous_4)
FNDA:0,(anonymous_5)
FNDA:0,(anonymous_6)
FNDA:0,(anonymous_7)
FNDA:0,(anonymous_8)
FNDA:0,(anonymous_9)
FNDA:0,(anonymous_10)
FNDA:0,(anonymous_11)
FNDA:0,(anonymous_12)
FNDA:0,(anonymous_13)
FNDA:0,(anonymous_14)
FNDA:0,(anonymous_15)
FNDA:0,(anonymous_16)
FNDA:0,(anonymous_17)
FNDA:0,(anonymous_18)
FNDA:0,(anonymous_19)
FNDA:0,(anonymous_20)
DA:1,1
DA:4,1
DA:5,5
DA:6,5
DA:7,5
DA:8,5
DA:9,5
DA:10,0
DA:19,1
DA:20,0
DA:21,0
DA:22,0
DA:24,0
DA:26,0
DA:28,0
DA:30,0
DA:38,1
DA:39,0
DA:41,0
DA:42,0
DA:43,0
DA:45,0
DA:47,0
DA:54,1
DA:55,0
DA:59,0
DA:61,0
DA:62,0
DA:63,0
DA:64,0
DA:85,0
DA:87,0
DA:91,1
DA:92,0
DA:93,0
DA:95,0
DA:97,0
DA:98,0
DA:99,0
DA:103,0
DA:104,0
DA:105,0
DA:110,0
DA:111,0
DA:113,0
DA:122,1
DA:123,0
DA:125,0
DA:127,0
DA:130,1
LF:50
LH:13
BRDA:63,0,0,0
BRDA:63,0,1,0
BRDA:92,1,0,0
BRDA:92,1,1,0
BRF:4
BRH:0
end_of_record
TN:
SF:server/app.js
FN:6,(anonymous_0)
FN:11,(anonymous_1)
FN:20,(anonymous_2)
FN:22,(anonymous_3)
FN:31,(anonymous_4)
FN:32,(anonymous_5)
FN:41,(anonymous_6)
FN:42,(anonymous_7)
FNF:8
FNH:2
FNDA:5,(anonymous_0)
FNDA:5,(anonymous_1)
FNDA:0,(anonymous_2)
FNDA:0,(anonymous_3)
FNDA:0,(anonymous_4)
FNDA:0,(anonymous_5)
FNDA:0,(anonymous_6)
FNDA:0,(anonymous_7)
DA:1,1
DA:2,1
DA:3,1
DA:4,1
DA:6,1
DA:9,5
DA:10,5
DA:11,5
DA:12,5
DA:13,5
DA:15,0
DA:20,1
DA:21,0
DA:22,0
DA:23,0
DA:24,0
DA:26,0
DA:31,1
DA:32,0
DA:33,0
DA:34,0
DA:36,0
DA:41,1
DA:42,0
DA:43,0
DA:44,0
DA:46,0
DA:51,1
LF:28
LH:14
BRDA:9,0,0,2
BRDA:9,0,1,3
BRDA:10,1,0,3
BRDA:10,1,1,2
BRDA:12,2,0,5
BRDA:12,2,1,0
BRDA:23,3,0,0
BRDA:23,3,1,0
BRDA:33,4,0,0
BRDA:33,4,1,0
BRDA:43,5,0,0
BRDA:43,5,1,0
BRF:12
BRH:5
end_of_record
